<?xml version="1.0" encoding="UTF-8"?>
<!-- Generated by org.testng.reporters.JUnitReportReporter -->
<testsuite hostname="DESKTOP-RKFKFHD" failures="0" tests="5" name="amazon.com.Project.selectProduct" time="19.242" errors="0" timestamp="2022-02-09T20:57:07 EET" skipped="0">
  <testcase classname="amazon.com.Project.selectProduct" name="searchforelement" time="5.008"/>
  <system-out/>
  <testcase classname="amazon.com.Project.selectProduct" name="selectElement" time="5.511"/>
  <system-out/>
  <testcase classname="amazon.com.Project.selectProduct" name="addtocart" time="0.311"/>
  <system-out/>
  <testcase classname="amazon.com.Project.selectProduct" name="opencart" time="7.070"/>
  <system-out/>
  <testcase classname="amazon.com.Project.selectProduct" name="deleteitem" time="1.342"/>
  <system-out/>
</testsuite> <!-- amazon.com.Project.selectProduct -->
